<?xml version="1.0" encoding="UTF-8"?>
<!-- Generated by org.testng.reporters.JUnitXMLReporter -->
<testsuite hostname="DESKTOP-V7OVI5O" ignored="3" name="ECommerceSuiteTCs" tests="1" failures="0" timestamp="22 Jun 2021 16:55:11 GMT" time="31.483" errors="0">
  <testcase name="deleteCustomer" time="28.93" classname="com.ecommerce.testCases.TC_Deletecustomer_004"/>
  <testcase name="Logintest" time="0.0" classname="com.ecommerce.testCases.TC_Logintest_001">
    <ignored/>
  </testcase> <!-- Logintest -->
  <testcase name="addCustemer" time="0.0" classname="com.ecommerce.testCases.TC_AddCustomer_002">
    <ignored/>
  </testcase> <!-- addCustemer -->
  <testcase name="searchcustomer" time="0.0" classname="com.ecommerce.testCases.TC_searchcustomer_001">
    <ignored/>
  </testcase> <!-- searchcustomer -->
</testsuite> <!-- ECommerceSuiteTCs -->
