<?xml version="1.0" encoding="UTF-8"?>
<!-- Generated by org.testng.reporters.JUnitXMLReporter -->
<testsuite hostname="DESKTOP-V7OVI5O" ignored="2" name="TC" tests="1" failures="0" timestamp="20 Jun 2021 23:07:57 GMT" time="15.277" errors="0">
  <testcase name="searchcustomer" time="13.06" classname="com.ecommerce.testCases.TC_searchcustomer_001"/>
  <testcase name="Logintest" time="0.0" classname="com.ecommerce.testCases.TC_Logintest_001">
    <ignored/>
  </testcase> <!-- Logintest -->
  <testcase name="addCustemer" time="0.0" classname="com.ecommerce.testCases.TC_AddCustomer_002">
    <ignored/>
  </testcase> <!-- addCustemer -->
</testsuite> <!-- TC -->
