<?xml version="1.0" encoding="UTF-8"?>
<!-- Generated by org.testng.reporters.JUnitXMLReporter -->
<testsuite hostname="DESKTOP-V7OVI5O" ignored="0" name="ECommerceSuiteTCs" tests="4" failures="0" timestamp="25 Jun 2021 05:12:33 GMT" time="91.562" errors="0">
  <testcase name="Logintest" time="12.799" classname="com.ecommerce.testCases.TC_Logintest_001"/>
  <testcase name="addCustemer" time="25.327" classname="com.ecommerce.testCases.TC_AddCustomer_002"/>
  <testcase name="searchcustomer" time="17.642" classname="com.ecommerce.testCases.TC_searchcustomer_001"/>
  <testcase name="deleteCustomer" time="28.503" classname="com.ecommerce.testCases.TC_Deletecustomer_004"/>
</testsuite> <!-- ECommerceSuiteTCs -->
